# JRE version: OpenJDK Runtime Environment (11.0.10) (build 11.0.10+0-b96-7249189)
# Java VM: OpenJDK 64-Bit Server VM (11.0.10+0-b96-7249189, mixed mode, tiered, compressed oops, g1 gc, windows-amd64)
Heap:
 garbage-first heap   total 162816K, used 101156K [0x0000000080000000, 0x0000000100000000)
  region size 1024K, 3 young (3072K), 2 survivors (2048K)
 Metaspace       used 125212K, capacity 129557K, committed 129788K, reserved 1163264K
  class space    used 15515K, capacity 17014K, committed 17024K, reserved 1048576K
GC Heap History (20 events):
Event: 9669.873 GC heap before
{Heap before GC invocations=235 (full 0):
 garbage-first heap   total 162816K, used 132357K [0x0000000080000000, 0x0000000100000000)
  region size 1024K, 47 young (48128K), 1 survivors (1024K)
 Metaspace       used 117494K, capacity 121522K, committed 121596K, reserved 1155072K
  class space    used 14572K, capacity 15993K, committed 16000K, reserved 1048576K
}
Event: 9669.879 GC heap after
{Heap after GC invocations=236 (full 0):
 garbage-first heap   total 162816K, used 87106K [0x0000000080000000, 0x0000000100000000)
  region size 1024K, 2 young (2048K), 2 survivors (2048K)
 Metaspace       used 117494K, capacity 121522K, committed 121596K, reserved 1155072K
  class space    used 14572K, capacity 15993K, committed 16000K, reserved 1048576K
}
Event: 9671.273 GC heap before
{Heap before GC invocations=237 (full 0):
 garbage-first heap   total 162816K, used 133186K [0x0000000080000000, 0x0000000100000000)
  region size 1024K, 48 young (49152K), 2 survivors (2048K)
 Metaspace       used 117499K, capacity 121523K, committed 121596K, reserved 1155072K
  class space    used 14572K, capacity 15993K, committed 16000K, reserved 1048576K
}
Event: 9671.279 GC heap after
{Heap after GC invocations=238 (full 0):
 garbage-first heap   total 162816K, used 90711K [0x0000000080000000, 0x0000000100000000)
  region size 1024K, 6 young (6144K), 6 survivors (6144K)
 Metaspace       used 117499K, capacity 121523K, committed 121596K, reserved 1155072K
  class space    used 14572K, capacity 15993K, committed 16000K, reserved 1048576K
}
Event: 9671.280 GC heap before
{Heap before GC invocations=238 (full 0):
 garbage-first heap   total 162816K, used 91735K [0x0000000080000000, 0x0000000100000000)
  region size 1024K, 7 young (7168K), 6 survivors (6144K)
 Metaspace       used 117499K, capacity 121523K, committed 121596K, reserved 1155072K
  class space    used 14572K, capacity 15993K, committed 16000K, reserved 1048576K
}
Event: 9671.300 GC heap after
{Heap after GC invocations=239 (full 0):
 garbage-first heap   total 162816K, used 85118K [0x0000000080000000, 0x0000000100000000)
  region size 1024K, 1 young (1024K), 1 survivors (1024K)
 Metaspace       used 117499K, capacity 121523K, committed 121596K, reserved 1155072K
  class space    used 14572K, capacity 15993K, committed 16000K, reserved 1048576K
}
Event: 9681.682 GC heap before
{Heap before GC invocations=239 (full 0):
 garbage-first heap   total 162816K, used 132222K [0x0000000080000000, 0x0000000100000000)
  region size 1024K, 48 young (49152K), 1 survivors (1024K)
 Metaspace       used 117861K, capacity 122010K, committed 122236K, reserved 1155072K
  class space    used 14599K, capacity 16040K, committed 16128K, reserved 1048576K
}
Event: 9681.689 GC heap after
{Heap after GC invocations=240 (full 0):
 garbage-first heap   total 162816K, used 87800K [0x0000000080000000, 0x0000000100000000)
  region size 1024K, 3 young (3072K), 3 survivors (3072K)
 Metaspace       used 117861K, capacity 122010K, committed 122236K, reserved 1155072K
  class space    used 14599K, capacity 16040K, committed 16128K, reserved 1048576K
}
Event: 9685.728 GC heap before
{Heap before GC invocations=241 (full 0):
 garbage-first heap   total 162816K, used 135928K [0x0000000080000000, 0x0000000100000000)
  region size 1024K, 49 young (50176K), 3 survivors (3072K)
 Metaspace       used 124124K, capacity 128337K, committed 128636K, reserved 1161216K
  class space    used 15391K, capacity 16828K, committed 16896K, reserved 1048576K
}
Event: 9685.736 GC heap after
{Heap after GC invocations=242 (full 0):
 garbage-first heap   total 162816K, used 94677K [0x0000000080000000, 0x0000000100000000)
  region size 1024K, 7 young (7168K), 7 survivors (7168K)
 Metaspace       used 124124K, capacity 128337K, committed 128636K, reserved 1161216K
  class space    used 15391K, capacity 16828K, committed 16896K, reserved 1048576K
}
Event: 9689.922 GC heap before
{Heap before GC invocations=242 (full 0):
 garbage-first heap   total 162816K, used 95701K [0x0000000080000000, 0x0000000100000000)
  region size 1024K, 8 young (8192K), 7 survivors (7168K)
 Metaspace       used 124125K, capacity 128401K, committed 128636K, reserved 1161216K
  class space    used 15391K, capacity 16828K, committed 16896K, reserved 1048576K
}
Event: 9689.932 GC heap after
{Heap after GC invocations=243 (full 0):
 garbage-first heap   total 162816K, used 95317K [0x0000000080000000, 0x0000000100000000)
  region size 1024K, 1 young (1024K), 1 survivors (1024K)
 Metaspace       used 124125K, capacity 128401K, committed 128636K, reserved 1161216K
  class space    used 15391K, capacity 16828K, committed 16896K, reserved 1048576K
}
Event: 9695.655 GC heap before
{Heap before GC invocations=243 (full 0):
 garbage-first heap   total 162816K, used 105557K [0x0000000080000000, 0x0000000100000000)
  region size 1024K, 12 young (12288K), 1 survivors (1024K)
 Metaspace       used 124952K, capacity 129273K, committed 129532K, reserved 1161216K
  class space    used 15501K, capacity 16989K, committed 17024K, reserved 1048576K
}
Event: 9695.674 GC heap after
{Heap after GC invocations=244 (full 0):
 garbage-first heap   total 162816K, used 95431K [0x0000000080000000, 0x0000000100000000)
  region size 1024K, 2 young (2048K), 2 survivors (2048K)
 Metaspace       used 124952K, capacity 129273K, committed 129532K, reserved 1161216K
  class space    used 15501K, capacity 16989K, committed 17024K, reserved 1048576K
}
Event: 9696.302 GC heap before
{Heap before GC invocations=245 (full 0):
 garbage-first heap   total 162816K, used 134343K [0x0000000080000000, 0x0000000100000000)
  region size 1024K, 39 young (39936K), 2 survivors (2048K)
 Metaspace       used 125032K, capacity 129392K, committed 129532K, reserved 1161216K
  class space    used 15506K, capacity 16998K, committed 17024K, reserved 1048576K
}
Event: 9696.319 GC heap after
{Heap after GC invocations=246 (full 0):
 garbage-first heap   total 162816K, used 103424K [0x0000000080000000, 0x0000000100000000)
  region size 1024K, 5 young (5120K), 5 survivors (5120K)
 Metaspace       used 125032K, capacity 129392K, committed 129532K, reserved 1161216K
  class space    used 15506K, capacity 16998K, committed 17024K, reserved 1048576K
}
Event: 9696.322 GC heap before
{Heap before GC invocations=246 (full 0):
 garbage-first heap   total 162816K, used 105472K [0x0000000080000000, 0x0000000100000000)
  region size 1024K, 7 young (7168K), 5 survivors (5120K)
 Metaspace       used 125032K, capacity 129392K, committed 129532K, reserved 1161216K
  class space    used 15506K, capacity 16998K, committed 17024K, reserved 1048576K
}
Event: 9696.345 GC heap after
{Heap after GC invocations=247 (full 0):
 garbage-first heap   total 162816K, used 100352K [0x0000000080000000, 0x0000000100000000)
  region size 1024K, 1 young (1024K), 1 survivors (1024K)
 Metaspace       used 125032K, capacity 129392K, committed 129532K, reserved 1161216K
  class space    used 15506K, capacity 16998K, committed 17024K, reserved 1048576K
}
Event: 9696.456 GC heap before
{Heap before GC invocations=247 (full 0):
 garbage-first heap   total 162816K, used 131072K [0x0000000080000000, 0x0000000100000000)
  region size 1024K, 31 young (31744K), 1 survivors (1024K)
 Metaspace       used 125084K, capacity 129392K, committed 129532K, reserved 1161216K
  class space    used 15506K, capacity 16998K, committed 17024K, reserved 1048576K
}
Event: 9696.466 GC heap after
{Heap after GC invocations=248 (full 0):
 garbage-first heap   total 162816K, used 102270K [0x0000000080000000, 0x0000000100000000)
  region size 1024K, 3 young (3072K), 3 survivors (3072K)
 Metaspace       used 125084K, capacity 129392K, committed 129532K, reserved 1161216K
  class space    used 15506K, capacity 16998K, committed 17024K, reserved 1048576K
}

