# JRE version: OpenJDK Runtime Environment (11.0.10) (build 11.0.10+0-b96-7249189)
# Java VM: OpenJDK 64-Bit Server VM (11.0.10+0-b96-7249189, mixed mode, tiered, compressed oops, g1 gc, windows-amd64)
Heap:
 garbage-first heap   total 172032K, used 68397K [0x0000000080000000, 0x0000000100000000)
  region size 1024K, 6 young (6144K), 6 survivors (6144K)
 Metaspace       used 83152K, capacity 85133K, committed 85376K, reserved 1122304K
  class space    used 10837K, capacity 11562K, committed 11648K, reserved 1048576K
GC Heap History (20 events):
Event: 5.072 GC heap after
{Heap after GC invocations=12 (full 0):
 garbage-first heap   total 118784K, used 36814K [0x0000000080000000, 0x0000000100000000)
  region size 1024K, 7 young (7168K), 7 survivors (7168K)
 Metaspace       used 44937K, capacity 46070K, committed 46208K, reserved 1089536K
  class space    used 5767K, capacity 6153K, committed 6272K, reserved 1048576K
}
Event: 5.710 GC heap before
{Heap before GC invocations=12 (full 0):
 garbage-first heap   total 118784K, used 86990K [0x0000000080000000, 0x0000000100000000)
  region size 1024K, 55 young (56320K), 7 survivors (7168K)
 Metaspace       used 50770K, capacity 51981K, committed 52224K, reserved 1095680K
  class space    used 6464K, capacity 6855K, committed 6912K, reserved 1048576K
}
Event: 5.715 GC heap after
{Heap after GC invocations=13 (full 0):
 garbage-first heap   total 118784K, used 43970K [0x0000000080000000, 0x0000000100000000)
  region size 1024K, 6 young (6144K), 6 survivors (6144K)
 Metaspace       used 50770K, capacity 51981K, committed 52224K, reserved 1095680K
  class space    used 6464K, capacity 6855K, committed 6912K, reserved 1048576K
}
Event: 6.267 GC heap before
{Heap before GC invocations=13 (full 0):
 garbage-first heap   total 118784K, used 89026K [0x0000000080000000, 0x0000000100000000)
  region size 1024K, 51 young (52224K), 6 survivors (6144K)
 Metaspace       used 56961K, capacity 58385K, committed 58496K, reserved 1099776K
  class space    used 7264K, capacity 7762K, committed 7808K, reserved 1048576K
}
Event: 6.271 GC heap after
{Heap after GC invocations=14 (full 0):
 garbage-first heap   total 118784K, used 47013K [0x0000000080000000, 0x0000000100000000)
  region size 1024K, 4 young (4096K), 4 survivors (4096K)
 Metaspace       used 56961K, capacity 58385K, committed 58496K, reserved 1099776K
  class space    used 7264K, capacity 7762K, committed 7808K, reserved 1048576K
}
Event: 6.431 GC heap before
{Heap before GC invocations=14 (full 0):
 garbage-first heap   total 118784K, used 62373K [0x0000000080000000, 0x0000000100000000)
  region size 1024K, 20 young (20480K), 4 survivors (4096K)
 Metaspace       used 58588K, capacity 60054K, committed 60160K, reserved 1101824K
  class space    used 7447K, capacity 7970K, committed 8064K, reserved 1048576K
}
Event: 6.435 GC heap after
{Heap after GC invocations=15 (full 0):
 garbage-first heap   total 118784K, used 48759K [0x0000000080000000, 0x0000000100000000)
  region size 1024K, 2 young (2048K), 2 survivors (2048K)
 Metaspace       used 58588K, capacity 60054K, committed 60160K, reserved 1101824K
  class space    used 7447K, capacity 7970K, committed 8064K, reserved 1048576K
}
Event: 6.840 GC heap before
{Heap before GC invocations=16 (full 0):
 garbage-first heap   total 118784K, used 88695K [0x0000000080000000, 0x0000000100000000)
  region size 1024K, 41 young (41984K), 2 survivors (2048K)
 Metaspace       used 61873K, capacity 63344K, committed 63488K, reserved 1103872K
  class space    used 7854K, capacity 8335K, committed 8448K, reserved 1048576K
}
Event: 6.843 GC heap after
{Heap after GC invocations=17 (full 0):
 garbage-first heap   total 118784K, used 50792K [0x0000000080000000, 0x0000000100000000)
  region size 1024K, 4 young (4096K), 4 survivors (4096K)
 Metaspace       used 61873K, capacity 63344K, committed 63488K, reserved 1103872K
  class space    used 7854K, capacity 8335K, committed 8448K, reserved 1048576K
}
Event: 7.153 GC heap before
{Heap before GC invocations=17 (full 0):
 garbage-first heap   total 118784K, used 90728K [0x0000000080000000, 0x0000000100000000)
  region size 1024K, 43 young (44032K), 4 survivors (4096K)
 Metaspace       used 64932K, capacity 66463K, committed 66688K, reserved 1107968K
  class space    used 8305K, capacity 8822K, committed 8832K, reserved 1048576K
}
Event: 7.157 GC heap after
{Heap after GC invocations=18 (full 0):
 garbage-first heap   total 118784K, used 53902K [0x0000000080000000, 0x0000000100000000)
  region size 1024K, 6 young (6144K), 6 survivors (6144K)
 Metaspace       used 64932K, capacity 66463K, committed 66688K, reserved 1107968K
  class space    used 8305K, capacity 8822K, committed 8832K, reserved 1048576K
}
Event: 7.592 GC heap before
{Heap before GC invocations=18 (full 0):
 garbage-first heap   total 118784K, used 92814K [0x0000000080000000, 0x0000000100000000)
  region size 1024K, 44 young (45056K), 6 survivors (6144K)
 Metaspace       used 68936K, capacity 70517K, committed 70784K, reserved 1110016K
  class space    used 8958K, capacity 9566K, committed 9600K, reserved 1048576K
}
Event: 7.599 GC heap after
{Heap after GC invocations=19 (full 0):
 garbage-first heap   total 143360K, used 56914K [0x0000000080000000, 0x0000000100000000)
  region size 1024K, 6 young (6144K), 6 survivors (6144K)
 Metaspace       used 68936K, capacity 70517K, committed 70784K, reserved 1110016K
  class space    used 8958K, capacity 9566K, committed 9600K, reserved 1048576K
}
Event: 8.101 GC heap before
{Heap before GC invocations=19 (full 0):
 garbage-first heap   total 143360K, used 107090K [0x0000000080000000, 0x0000000100000000)
  region size 1024K, 55 young (56320K), 6 survivors (6144K)
 Metaspace       used 74421K, capacity 76078K, committed 76160K, reserved 1116160K
  class space    used 9739K, capacity 10316K, committed 10368K, reserved 1048576K
}
Event: 8.107 GC heap after
{Heap after GC invocations=20 (full 0):
 garbage-first heap   total 143360K, used 59348K [0x0000000080000000, 0x0000000100000000)
  region size 1024K, 6 young (6144K), 6 survivors (6144K)
 Metaspace       used 74421K, capacity 76078K, committed 76160K, reserved 1116160K
  class space    used 9739K, capacity 10316K, committed 10368K, reserved 1048576K
}
Event: 8.803 GC heap before
{Heap before GC invocations=20 (full 0):
 garbage-first heap   total 143360K, used 108500K [0x0000000080000000, 0x0000000100000000)
  region size 1024K, 55 young (56320K), 6 survivors (6144K)
 Metaspace       used 78572K, capacity 80534K, committed 80640K, reserved 1118208K
  class space    used 10278K, capacity 10987K, committed 11008K, reserved 1048576K
}
Event: 8.810 GC heap after
{Heap after GC invocations=21 (full 0):
 garbage-first heap   total 143360K, used 63119K [0x0000000080000000, 0x0000000100000000)
  region size 1024K, 7 young (7168K), 7 survivors (7168K)
 Metaspace       used 78572K, capacity 80534K, committed 80640K, reserved 1118208K
  class space    used 10278K, capacity 10987K, committed 11008K, reserved 1048576K
}
Event: 9.241 GC heap before
{Heap before GC invocations=21 (full 0):
 garbage-first heap   total 143360K, used 111247K [0x0000000080000000, 0x0000000100000000)
  region size 1024K, 55 young (56320K), 7 survivors (7168K)
 Metaspace       used 79608K, capacity 81614K, committed 81792K, reserved 1120256K
  class space    used 10376K, capacity 11082K, committed 11136K, reserved 1048576K
}
Event: 9.249 GC heap after
{Heap after GC invocations=22 (full 0):
 garbage-first heap   total 143360K, used 65877K [0x0000000080000000, 0x0000000100000000)
  region size 1024K, 4 young (4096K), 4 survivors (4096K)
 Metaspace       used 79608K, capacity 81614K, committed 81792K, reserved 1120256K
  class space    used 10376K, capacity 11082K, committed 11136K, reserved 1048576K
}
Event: 9.735 GC heap before
{Heap before GC invocations=22 (full 0):
 garbage-first heap   total 143360K, used 112981K [0x0000000080000000, 0x0000000100000000)
  region size 1024K, 51 young (52224K), 4 survivors (4096K)
 Metaspace       used 83152K, capacity 85133K, committed 85376K, reserved 1122304K
  class space    used 10837K, capacity 11562K, committed 11648K, reserved 1048576K
}

