# JRE version: OpenJDK Runtime Environment (11.0.10) (build 11.0.10+0-b96-7249189)
# Java VM: OpenJDK 64-Bit Server VM (11.0.10+0-b96-7249189, mixed mode, tiered, compressed oops, g1 gc, windows-amd64)
Heap:
 garbage-first heap   total 366592K, used 106628K [0x0000000080000000, 0x0000000100000000)
  region size 1024K, 3 young (3072K), 3 survivors (3072K)
 Metaspace       used 109201K, capacity 112038K, committed 113280K, reserved 1146880K
  class space    used 13989K, capacity 14993K, committed 15488K, reserved 1048576K
GC Heap History (20 events):
Event: 26.655 GC heap after
{Heap after GC invocations=45 (full 0):
 garbage-first heap   total 149504K, used 73509K [0x0000000080000000, 0x0000000100000000)
  region size 1024K, 4 young (4096K), 4 survivors (4096K)
 Metaspace       used 85875K, capacity 87754K, committed 87936K, reserved 1126400K
  class space    used 11074K, capacity 11749K, committed 11904K, reserved 1048576K
}
Event: 27.078 GC heap before
{Heap before GC invocations=45 (full 0):
 garbage-first heap   total 149504K, used 110373K [0x0000000080000000, 0x0000000100000000)
  region size 1024K, 41 young (41984K), 4 survivors (4096K)
 Metaspace       used 86105K, capacity 88085K, committed 88448K, reserved 1126400K
  class space    used 11079K, capacity 11785K, committed 11904K, reserved 1048576K
}
Event: 27.094 GC heap after
{Heap after GC invocations=46 (full 0):
 garbage-first heap   total 149504K, used 75601K [0x0000000080000000, 0x0000000100000000)
  region size 1024K, 6 young (6144K), 6 survivors (6144K)
 Metaspace       used 86105K, capacity 88085K, committed 88448K, reserved 1126400K
  class space    used 11079K, capacity 11785K, committed 11904K, reserved 1048576K
}
Event: 28.974 GC heap before
{Heap before GC invocations=47 (full 0):
 garbage-first heap   total 149504K, used 112465K [0x0000000080000000, 0x0000000100000000)
  region size 1024K, 43 young (44032K), 6 survivors (6144K)
 Metaspace       used 87012K, capacity 89010K, committed 89216K, reserved 1126400K
  class space    used 11168K, capacity 11884K, committed 11904K, reserved 1048576K
}
Event: 28.984 GC heap after
{Heap after GC invocations=48 (full 0):
 garbage-first heap   total 149504K, used 77590K [0x0000000080000000, 0x0000000100000000)
  region size 1024K, 5 young (5120K), 5 survivors (5120K)
 Metaspace       used 87012K, capacity 89010K, committed 89216K, reserved 1126400K
  class space    used 11168K, capacity 11884K, committed 11904K, reserved 1048576K
}
Event: 29.354 GC heap before
{Heap before GC invocations=48 (full 0):
 garbage-first heap   total 149504K, used 115478K [0x0000000080000000, 0x0000000100000000)
  region size 1024K, 43 young (44032K), 5 survivors (5120K)
 Metaspace       used 87986K, capacity 90009K, committed 90112K, reserved 1128448K
  class space    used 11254K, capacity 11982K, committed 12032K, reserved 1048576K
}
Event: 29.362 GC heap after
{Heap after GC invocations=49 (full 0):
 garbage-first heap   total 149504K, used 81389K [0x0000000080000000, 0x0000000100000000)
  region size 1024K, 6 young (6144K), 6 survivors (6144K)
 Metaspace       used 87986K, capacity 90009K, committed 90112K, reserved 1128448K
  class space    used 11254K, capacity 11982K, committed 12032K, reserved 1048576K
}
Event: 29.995 GC heap before
{Heap before GC invocations=50 (full 0):
 garbage-first heap   total 149504K, used 118253K [0x0000000080000000, 0x0000000100000000)
  region size 1024K, 43 young (44032K), 6 survivors (6144K)
 Metaspace       used 90129K, capacity 92166K, committed 92416K, reserved 1130496K
  class space    used 11513K, capacity 12250K, committed 12288K, reserved 1048576K
}
Event: 30.043 GC heap after
{Heap after GC invocations=51 (full 0):
 garbage-first heap   total 183296K, used 82837K [0x0000000080000000, 0x0000000100000000)
  region size 1024K, 4 young (4096K), 4 survivors (4096K)
 Metaspace       used 90129K, capacity 92166K, committed 92416K, reserved 1130496K
  class space    used 11513K, capacity 12250K, committed 12288K, reserved 1048576K
}
Event: 35.978 GC heap before
{Heap before GC invocations=51 (full 0):
 garbage-first heap   total 183296K, used 134037K [0x0000000080000000, 0x0000000100000000)
  region size 1024K, 55 young (56320K), 4 survivors (4096K)
 Metaspace       used 93470K, capacity 95685K, committed 95744K, reserved 1132544K
  class space    used 11983K, capacity 12756K, committed 12800K, reserved 1048576K
}
Event: 35.983 GC heap after
{Heap after GC invocations=52 (full 0):
 garbage-first heap   total 183296K, used 85453K [0x0000000080000000, 0x0000000100000000)
  region size 1024K, 7 young (7168K), 7 survivors (7168K)
 Metaspace       used 93470K, capacity 95685K, committed 95744K, reserved 1132544K
  class space    used 11983K, capacity 12756K, committed 12800K, reserved 1048576K
}
Event: 37.947 GC heap before
{Heap before GC invocations=52 (full 0):
 garbage-first heap   total 183296K, used 139725K [0x0000000080000000, 0x0000000100000000)
  region size 1024K, 59 young (60416K), 7 survivors (7168K)
 Metaspace       used 97710K, capacity 100224K, committed 100352K, reserved 1136640K
  class space    used 12605K, capacity 13478K, committed 13568K, reserved 1048576K
}
Event: 38.385 GC heap after
{Heap after GC invocations=53 (full 0):
 garbage-first heap   total 183296K, used 95223K [0x0000000080000000, 0x0000000100000000)
  region size 1024K, 8 young (8192K), 8 survivors (8192K)
 Metaspace       used 97710K, capacity 100224K, committed 100352K, reserved 1136640K
  class space    used 12605K, capacity 13478K, committed 13568K, reserved 1048576K
}
Event: 38.801 GC heap before
{Heap before GC invocations=53 (full 0):
 garbage-first heap   total 183296K, used 135159K [0x0000000080000000, 0x0000000100000000)
  region size 1024K, 47 young (48128K), 8 survivors (8192K)
 Metaspace       used 102616K, capacity 105636K, committed 105856K, reserved 1140736K
  class space    used 13480K, capacity 14648K, committed 14720K, reserved 1048576K
}
Event: 38.824 GC heap after
{Heap after GC invocations=54 (full 0):
 garbage-first heap   total 183296K, used 101937K [0x0000000080000000, 0x0000000100000000)
  region size 1024K, 6 young (6144K), 6 survivors (6144K)
 Metaspace       used 102616K, capacity 105636K, committed 105856K, reserved 1140736K
  class space    used 13480K, capacity 14648K, committed 14720K, reserved 1048576K
}
Event: 39.063 GC heap before
{Heap before GC invocations=55 (full 0):
 garbage-first heap   total 183296K, used 133681K [0x0000000080000000, 0x0000000100000000)
  region size 1024K, 39 young (39936K), 6 survivors (6144K)
 Metaspace       used 104311K, capacity 107485K, committed 107648K, reserved 1142784K
  class space    used 13691K, capacity 14938K, committed 14976K, reserved 1048576K
}
Event: 39.072 GC heap after
{Heap after GC invocations=56 (full 0):
 garbage-first heap   total 183296K, used 102204K [0x0000000080000000, 0x0000000100000000)
  region size 1024K, 4 young (4096K), 4 survivors (4096K)
 Metaspace       used 104311K, capacity 107485K, committed 107648K, reserved 1142784K
  class space    used 13691K, capacity 14938K, committed 14976K, reserved 1048576K
}
Event: 39.898 GC heap before
{Heap before GC invocations=57 (full 0):
 garbage-first heap   total 183296K, used 130876K [0x0000000080000000, 0x0000000100000000)
  region size 1024K, 33 young (33792K), 4 survivors (4096K)
 Metaspace       used 105271K, capacity 108236K, committed 108800K, reserved 1142784K
  class space    used 13801K, capacity 14969K, committed 15104K, reserved 1048576K
}
Event: 39.922 GC heap after
{Heap after GC invocations=58 (full 0):
 garbage-first heap   total 183296K, used 106120K [0x0000000080000000, 0x0000000100000000)
  region size 1024K, 6 young (6144K), 6 survivors (6144K)
 Metaspace       used 105271K, capacity 108236K, committed 108800K, reserved 1142784K
  class space    used 13801K, capacity 14969K, committed 15104K, reserved 1048576K
}
Event: 130.595 GC heap before
{Heap before GC invocations=59 (full 0):
 garbage-first heap   total 183296K, used 156296K [0x0000000080000000, 0x0000000100000000)
  region size 1024K, 45 young (46080K), 6 survivors (6144K)
 Metaspace       used 109201K, capacity 112038K, committed 113280K, reserved 1146880K
  class space    used 13989K, capacity 14993K, committed 15488K, reserved 1048576K
}

