# JRE version: OpenJDK Runtime Environment (11.0.10) (build 11.0.10+0-b96-7249189)
# Java VM: OpenJDK 64-Bit Server VM (11.0.10+0-b96-7249189, mixed mode, tiered, compressed oops, g1 gc, windows-amd64)
Heap:
 garbage-first heap   total 176128K, used 99972K [0x0000000080000000, 0x0000000100000000)
  region size 1024K, 18 young (18432K), 6 survivors (6144K)
 Metaspace       used 87573K, capacity 89528K, committed 89852K, reserved 1128448K
  class space    used 11138K, capacity 11833K, committed 11904K, reserved 1048576K
GC Heap History (20 events):
Event: 6.787 GC heap before
{Heap before GC invocations=15 (full 0):
 garbage-first heap   total 118784K, used 90947K [0x0000000080000000, 0x0000000100000000)
  region size 1024K, 46 young (47104K), 5 survivors (5120K)
 Metaspace       used 61837K, capacity 63256K, committed 63612K, reserved 1103872K
  class space    used 7853K, capacity 8333K, committed 8448K, reserved 1048576K
}
Event: 6.794 GC heap after
{Heap after GC invocations=16 (full 0):
 garbage-first heap   total 118784K, used 51648K [0x0000000080000000, 0x0000000100000000)
  region size 1024K, 6 young (6144K), 6 survivors (6144K)
 Metaspace       used 61837K, capacity 63256K, committed 63612K, reserved 1103872K
  class space    used 7853K, capacity 8333K, committed 8448K, reserved 1048576K
}
Event: 7.119 GC heap before
{Heap before GC invocations=17 (full 0):
 garbage-first heap   total 118784K, used 91584K [0x0000000080000000, 0x0000000100000000)
  region size 1024K, 45 young (46080K), 6 survivors (6144K)
 Metaspace       used 64866K, capacity 66380K, committed 66556K, reserved 1107968K
  class space    used 8300K, capacity 8822K, committed 8832K, reserved 1048576K
}
Event: 7.125 GC heap after
{Heap after GC invocations=18 (full 0):
 garbage-first heap   total 118784K, used 54726K [0x0000000080000000, 0x0000000100000000)
  region size 1024K, 6 young (6144K), 6 survivors (6144K)
 Metaspace       used 64866K, capacity 66380K, committed 66556K, reserved 1107968K
  class space    used 8300K, capacity 8822K, committed 8832K, reserved 1048576K
}
Event: 7.678 GC heap before
{Heap before GC invocations=18 (full 0):
 garbage-first heap   total 118784K, used 94662K [0x0000000080000000, 0x0000000100000000)
  region size 1024K, 45 young (46080K), 6 survivors (6144K)
 Metaspace       used 69001K, capacity 70638K, committed 70908K, reserved 1110016K
  class space    used 8972K, capacity 9570K, committed 9600K, reserved 1048576K
}
Event: 7.685 GC heap after
{Heap after GC invocations=19 (full 0):
 garbage-first heap   total 118784K, used 57664K [0x0000000080000000, 0x0000000100000000)
  region size 1024K, 6 young (6144K), 6 survivors (6144K)
 Metaspace       used 69001K, capacity 70638K, committed 70908K, reserved 1110016K
  class space    used 8972K, capacity 9570K, committed 9600K, reserved 1048576K
}
Event: 8.082 GC heap before
{Heap before GC invocations=19 (full 0):
 garbage-first heap   total 118784K, used 95552K [0x0000000080000000, 0x0000000100000000)
  region size 1024K, 43 young (44032K), 6 survivors (6144K)
 Metaspace       used 73467K, capacity 75200K, committed 75388K, reserved 1114112K
  class space    used 9605K, capacity 10183K, committed 10240K, reserved 1048576K
}
Event: 8.087 GC heap after
{Heap after GC invocations=20 (full 0):
 garbage-first heap   total 143360K, used 59620K [0x0000000080000000, 0x0000000100000000)
  region size 1024K, 5 young (5120K), 5 survivors (5120K)
 Metaspace       used 73467K, capacity 75200K, committed 75388K, reserved 1114112K
  class space    used 9605K, capacity 10183K, committed 10240K, reserved 1048576K
}
Event: 8.793 GC heap before
{Heap before GC invocations=20 (full 0):
 garbage-first heap   total 143360K, used 107748K [0x0000000080000000, 0x0000000100000000)
  region size 1024K, 52 young (53248K), 5 survivors (5120K)
 Metaspace       used 78104K, capacity 79933K, committed 80124K, reserved 1118208K
  class space    used 10184K, capacity 10838K, committed 10880K, reserved 1048576K
}
Event: 8.804 GC heap after
{Heap after GC invocations=21 (full 0):
 garbage-first heap   total 143360K, used 63693K [0x0000000080000000, 0x0000000100000000)
  region size 1024K, 6 young (6144K), 6 survivors (6144K)
 Metaspace       used 78104K, capacity 79933K, committed 80124K, reserved 1118208K
  class space    used 10184K, capacity 10838K, committed 10880K, reserved 1048576K
}
Event: 9.096 GC heap before
{Heap before GC invocations=21 (full 0):
 garbage-first heap   total 143360K, used 109773K [0x0000000080000000, 0x0000000100000000)
  region size 1024K, 52 young (53248K), 6 survivors (6144K)
 Metaspace       used 78890K, capacity 80892K, committed 81020K, reserved 1120256K
  class space    used 10291K, capacity 11001K, committed 11008K, reserved 1048576K
}
Event: 9.102 GC heap after
{Heap after GC invocations=22 (full 0):
 garbage-first heap   total 143360K, used 66527K [0x0000000080000000, 0x0000000100000000)
  region size 1024K, 4 young (4096K), 4 survivors (4096K)
 Metaspace       used 78890K, capacity 80892K, committed 81020K, reserved 1120256K
  class space    used 10291K, capacity 11001K, committed 11008K, reserved 1048576K
}
Event: 9.150 GC heap before
{Heap before GC invocations=22 (full 0):
 garbage-first heap   total 143360K, used 71647K [0x0000000080000000, 0x0000000100000000)
  region size 1024K, 10 young (10240K), 4 survivors (4096K)
 Metaspace       used 79230K, capacity 81212K, committed 81404K, reserved 1120256K
  class space    used 10345K, capacity 11024K, committed 11136K, reserved 1048576K
}
Event: 9.153 GC heap after
{Heap after GC invocations=23 (full 0):
 garbage-first heap   total 143360K, used 66648K [0x0000000080000000, 0x0000000100000000)
  region size 1024K, 4 young (4096K), 4 survivors (4096K)
 Metaspace       used 79230K, capacity 81212K, committed 81404K, reserved 1120256K
  class space    used 10345K, capacity 11024K, committed 11136K, reserved 1048576K
}
Event: 9.474 GC heap before
{Heap before GC invocations=24 (full 0):
 garbage-first heap   total 143360K, used 101464K [0x0000000080000000, 0x0000000100000000)
  region size 1024K, 38 young (38912K), 4 survivors (4096K)
 Metaspace       used 80348K, capacity 82260K, committed 82428K, reserved 1120256K
  class space    used 10454K, capacity 11117K, committed 11136K, reserved 1048576K
}
Event: 9.501 GC heap after
{Heap after GC invocations=25 (full 0):
 garbage-first heap   total 143360K, used 80071K [0x0000000080000000, 0x0000000100000000)
  region size 1024K, 7 young (7168K), 7 survivors (7168K)
 Metaspace       used 80348K, capacity 82260K, committed 82428K, reserved 1120256K
  class space    used 10454K, capacity 11117K, committed 11136K, reserved 1048576K
}
Event: 9.886 GC heap before
{Heap before GC invocations=26 (full 0):
 garbage-first heap   total 143360K, used 104647K [0x0000000080000000, 0x0000000100000000)
  region size 1024K, 30 young (30720K), 7 survivors (7168K)
 Metaspace       used 80478K, capacity 82395K, committed 82556K, reserved 1120256K
  class space    used 10462K, capacity 11183K, committed 11264K, reserved 1048576K
}
Event: 9.898 GC heap after
{Heap after GC invocations=27 (full 0):
 garbage-first heap   total 176128K, used 84992K [0x0000000080000000, 0x0000000100000000)
  region size 1024K, 5 young (5120K), 5 survivors (5120K)
 Metaspace       used 80478K, capacity 82395K, committed 82556K, reserved 1120256K
  class space    used 10462K, capacity 11183K, committed 11264K, reserved 1048576K
}
Event: 10.368 GC heap before
{Heap before GC invocations=28 (full 0):
 garbage-first heap   total 176128K, used 140288K [0x0000000080000000, 0x0000000100000000)
  region size 1024K, 45 young (46080K), 5 survivors (5120K)
 Metaspace       used 82451K, capacity 84305K, committed 84732K, reserved 1122304K
  class space    used 10585K, capacity 11270K, committed 11392K, reserved 1048576K
}
Event: 10.374 GC heap after
{Heap after GC invocations=29 (full 0):
 garbage-first heap   total 176128K, used 88746K [0x0000000080000000, 0x0000000100000000)
  region size 1024K, 4 young (4096K), 4 survivors (4096K)
 Metaspace       used 82451K, capacity 84305K, committed 84732K, reserved 1122304K
  class space    used 10585K, capacity 11270K, committed 11392K, reserved 1048576K
}

