# JRE version: OpenJDK Runtime Environment (11.0.10) (build 11.0.10+0-b96-7249189)
# Java VM: OpenJDK 64-Bit Server VM (11.0.10+0-b96-7249189, mixed mode, tiered, compressed oops, g1 gc, windows-amd64)
Heap:
 garbage-first heap   total 118784K, used 57385K [0x0000000080000000, 0x0000000100000000)
  region size 1024K, 15 young (15360K), 4 survivors (4096K)
 Metaspace       used 57760K, capacity 59265K, committed 59392K, reserved 1101824K
  class space    used 7367K, capacity 7867K, committed 7936K, reserved 1048576K
GC Heap History (20 events):
Event: 1.886 GC heap before
{Heap before GC invocations=1 (full 0):
 garbage-first heap   total 98304K, used 64491K [0x0000000080000000, 0x0000000100000000)
  region size 1024K, 57 young (58368K), 3 survivors (3072K)
 Metaspace       used 16238K, capacity 16612K, committed 16896K, reserved 1064960K
  class space    used 1860K, capacity 1991K, committed 2048K, reserved 1048576K
}
Event: 1.891 GC heap after
{Heap after GC invocations=2 (full 0):
 garbage-first heap   total 98304K, used 14889K [0x0000000080000000, 0x0000000100000000)
  region size 1024K, 8 young (8192K), 8 survivors (8192K)
 Metaspace       used 16238K, capacity 16612K, committed 16896K, reserved 1064960K
  class space    used 1860K, capacity 1991K, committed 2048K, reserved 1048576K
}
Event: 2.203 GC heap before
{Heap before GC invocations=2 (full 0):
 garbage-first heap   total 98304K, used 45609K [0x0000000080000000, 0x0000000100000000)
  region size 1024K, 39 young (39936K), 8 survivors (8192K)
 Metaspace       used 20587K, capacity 21095K, committed 21248K, reserved 1067008K
  class space    used 2526K, capacity 2712K, committed 2816K, reserved 1048576K
}
Event: 2.209 GC heap after
{Heap after GC invocations=3 (full 0):
 garbage-first heap   total 98304K, used 16028K [0x0000000080000000, 0x0000000100000000)
  region size 1024K, 2 young (2048K), 2 survivors (2048K)
 Metaspace       used 20587K, capacity 21095K, committed 21248K, reserved 1067008K
  class space    used 2526K, capacity 2712K, committed 2816K, reserved 1048576K
}
Event: 2.554 GC heap before
{Heap before GC invocations=4 (full 0):
 garbage-first heap   total 98304K, used 54940K [0x0000000080000000, 0x0000000100000000)
  region size 1024K, 40 young (40960K), 2 survivors (2048K)
 Metaspace       used 25107K, capacity 25772K, committed 26112K, reserved 1071104K
  class space    used 3242K, capacity 3464K, committed 3584K, reserved 1048576K
}
Event: 2.557 GC heap after
{Heap after GC invocations=5 (full 0):
 garbage-first heap   total 98304K, used 17499K [0x0000000080000000, 0x0000000100000000)
  region size 1024K, 3 young (3072K), 3 survivors (3072K)
 Metaspace       used 25107K, capacity 25772K, committed 26112K, reserved 1071104K
  class space    used 3242K, capacity 3464K, committed 3584K, reserved 1048576K
}
Event: 3.003 GC heap before
{Heap before GC invocations=5 (full 0):
 garbage-first heap   total 98304K, used 60507K [0x0000000080000000, 0x0000000100000000)
  region size 1024K, 45 young (46080K), 3 survivors (3072K)
 Metaspace       used 30228K, capacity 30902K, committed 31232K, reserved 1077248K
  class space    used 4036K, capacity 4260K, committed 4352K, reserved 1048576K
}
Event: 3.007 GC heap after
{Heap after GC invocations=6 (full 0):
 garbage-first heap   total 98304K, used 19074K [0x0000000080000000, 0x0000000100000000)
  region size 1024K, 5 young (5120K), 5 survivors (5120K)
 Metaspace       used 30228K, capacity 30902K, committed 31232K, reserved 1077248K
  class space    used 4036K, capacity 4260K, committed 4352K, reserved 1048576K
}
Event: 3.222 GC heap before
{Heap before GC invocations=6 (full 0):
 garbage-first heap   total 98304K, used 33410K [0x0000000080000000, 0x0000000100000000)
  region size 1024K, 21 young (21504K), 5 survivors (5120K)
 Metaspace       used 35049K, capacity 35809K, committed 35840K, reserved 1081344K
  class space    used 4561K, capacity 4856K, committed 4864K, reserved 1048576K
}
Event: 3.229 GC heap after
{Heap after GC invocations=7 (full 0):
 garbage-first heap   total 98304K, used 21281K [0x0000000080000000, 0x0000000100000000)
  region size 1024K, 4 young (4096K), 4 survivors (4096K)
 Metaspace       used 35049K, capacity 35809K, committed 35840K, reserved 1081344K
  class space    used 4561K, capacity 4856K, committed 4864K, reserved 1048576K
}
Event: 3.677 GC heap before
{Heap before GC invocations=8 (full 0):
 garbage-first heap   total 98304K, used 66337K [0x0000000080000000, 0x0000000100000000)
  region size 1024K, 45 young (46080K), 4 survivors (4096K)
 Metaspace       used 39818K, capacity 40620K, committed 40704K, reserved 1085440K
  class space    used 5056K, capacity 5362K, committed 5376K, reserved 1048576K
}
Event: 3.682 GC heap after
{Heap after GC invocations=9 (full 0):
 garbage-first heap   total 98304K, used 24194K [0x0000000080000000, 0x0000000100000000)
  region size 1024K, 6 young (6144K), 6 survivors (6144K)
 Metaspace       used 39818K, capacity 40620K, committed 40704K, reserved 1085440K
  class space    used 5056K, capacity 5362K, committed 5376K, reserved 1048576K
}
Event: 3.997 GC heap before
{Heap before GC invocations=9 (full 0):
 garbage-first heap   total 98304K, used 66178K [0x0000000080000000, 0x0000000100000000)
  region size 1024K, 47 young (48128K), 6 survivors (6144K)
 Metaspace       used 43065K, capacity 43984K, committed 44160K, reserved 1087488K
  class space    used 5540K, capacity 5895K, committed 6016K, reserved 1048576K
}
Event: 4.002 GC heap after
{Heap after GC invocations=10 (full 0):
 garbage-first heap   total 118784K, used 26041K [0x0000000080000000, 0x0000000100000000)
  region size 1024K, 5 young (5120K), 5 survivors (5120K)
 Metaspace       used 43065K, capacity 43984K, committed 44160K, reserved 1087488K
  class space    used 5540K, capacity 5895K, committed 6016K, reserved 1048576K
}
Event: 4.441 GC heap before
{Heap before GC invocations=10 (full 0):
 garbage-first heap   total 118784K, used 82361K [0x0000000080000000, 0x0000000100000000)
  region size 1024K, 56 young (57344K), 5 survivors (5120K)
 Metaspace       used 44964K, capacity 46134K, committed 46464K, reserved 1089536K
  class space    used 5770K, capacity 6159K, committed 6272K, reserved 1048576K
}
Event: 4.447 GC heap after
{Heap after GC invocations=11 (full 0):
 garbage-first heap   total 118784K, used 36803K [0x0000000080000000, 0x0000000100000000)
  region size 1024K, 7 young (7168K), 7 survivors (7168K)
 Metaspace       used 44964K, capacity 46134K, committed 46464K, reserved 1089536K
  class space    used 5770K, capacity 6159K, committed 6272K, reserved 1048576K
}
Event: 4.954 GC heap before
{Heap before GC invocations=11 (full 0):
 garbage-first heap   total 118784K, used 86979K [0x0000000080000000, 0x0000000100000000)
  region size 1024K, 54 young (55296K), 7 survivors (7168K)
 Metaspace       used 50771K, capacity 52044K, committed 52224K, reserved 1095680K
  class space    used 6465K, capacity 6861K, committed 6912K, reserved 1048576K
}
Event: 4.959 GC heap after
{Heap after GC invocations=12 (full 0):
 garbage-first heap   total 118784K, used 43690K [0x0000000080000000, 0x0000000100000000)
  region size 1024K, 5 young (5120K), 5 survivors (5120K)
 Metaspace       used 50771K, capacity 52044K, committed 52224K, reserved 1095680K
  class space    used 6465K, capacity 6861K, committed 6912K, reserved 1048576K
}
Event: 5.557 GC heap before
{Heap before GC invocations=12 (full 0):
 garbage-first heap   total 118784K, used 87722K [0x0000000080000000, 0x0000000100000000)
  region size 1024K, 49 young (50176K), 5 survivors (5120K)
 Metaspace       used 56763K, capacity 58222K, committed 58496K, reserved 1099776K
  class space    used 7235K, capacity 7736K, committed 7808K, reserved 1048576K
}
Event: 5.562 GC heap after
{Heap after GC invocations=13 (full 0):
 garbage-first heap   total 118784K, used 47145K [0x0000000080000000, 0x0000000100000000)
  region size 1024K, 4 young (4096K), 4 survivors (4096K)
 Metaspace       used 56763K, capacity 58222K, committed 58496K, reserved 1099776K
  class space    used 7235K, capacity 7736K, committed 7808K, reserved 1048576K
}

